C:\USERS\CG01\DOCUMENTS\VISUAL STUDIO 2012\PROJECTS\PRACTICA1\PRACTICA1\DEBUG\CAMERA.OBJ
C:\USERS\CG01\DOCUMENTS\VISUAL STUDIO 2012\PROJECTS\PRACTICA1\PRACTICA1\DEBUG\FIGURAS.OBJ
C:\USERS\CG01\DOCUMENTS\VISUAL STUDIO 2012\PROJECTS\PRACTICA1\PRACTICA1\DEBUG\MAIN.OBJ
C:\USERS\CG01\DOCUMENTS\VISUAL STUDIO 2012\PROJECTS\PRACTICA1\PRACTICA1\DEBUG\TEXTURE.OBJ
C:\USERS\CG01\DOCUMENTS\VISUAL STUDIO 2012\PROJECTS\PRACTICA1\PRACTICA1\DEBUG\VC110.PDB
C:\USERS\CG01\DOCUMENTS\VISUAL STUDIO 2012\PROJECTS\PRACTICA1\DEBUG\PRACTICA1.ILK
C:\USERS\CG01\DOCUMENTS\VISUAL STUDIO 2012\PROJECTS\PRACTICA1\DEBUG\PRACTICA1.EXE
C:\USERS\CG01\DOCUMENTS\VISUAL STUDIO 2012\PROJECTS\PRACTICA1\DEBUG\PRACTICA1.PDB
C:\Users\CG01\documents\visual studio 2012\Projects\Practica1\Practica1\Debug\Camera.obj
C:\Users\CG01\documents\visual studio 2012\Projects\Practica1\Practica1\Debug\figuras.obj
C:\Users\CG01\documents\visual studio 2012\Projects\Practica1\Practica1\Debug\main.obj
C:\Users\CG01\documents\visual studio 2012\Projects\Practica1\Practica1\Debug\texture.obj
C:\Users\CG01\documents\visual studio 2012\Projects\Practica1\Practica1\Debug\cl.command.1.tlog
C:\Users\CG01\documents\visual studio 2012\Projects\Practica1\Practica1\Debug\CL.read.1.tlog
C:\Users\CG01\documents\visual studio 2012\Projects\Practica1\Practica1\Debug\CL.write.1.tlog
C:\Users\CG01\documents\visual studio 2012\Projects\Practica1\Practica1\Debug\link-cvtres.read.1.tlog
C:\Users\CG01\documents\visual studio 2012\Projects\Practica1\Practica1\Debug\link-cvtres.write.1.tlog
C:\Users\CG01\documents\visual studio 2012\Projects\Practica1\Practica1\Debug\link-rc.read.1.tlog
C:\Users\CG01\documents\visual studio 2012\Projects\Practica1\Practica1\Debug\link-rc.write.1.tlog
C:\Users\CG01\documents\visual studio 2012\Projects\Practica1\Practica1\Debug\link.4252-cvtres.read.1.tlog
C:\Users\CG01\documents\visual studio 2012\Projects\Practica1\Practica1\Debug\link.4252-cvtres.write.1.tlog
C:\Users\CG01\documents\visual studio 2012\Projects\Practica1\Practica1\Debug\link.4252-rc.read.1.tlog
C:\Users\CG01\documents\visual studio 2012\Projects\Practica1\Practica1\Debug\link.4252-rc.write.1.tlog
C:\Users\CG01\documents\visual studio 2012\Projects\Practica1\Practica1\Debug\link.4252.read.1.tlog
C:\Users\CG01\documents\visual studio 2012\Projects\Practica1\Practica1\Debug\link.4252.read.2.tlog
C:\Users\CG01\documents\visual studio 2012\Projects\Practica1\Practica1\Debug\link.4252.write.1.tlog
C:\Users\CG01\documents\visual studio 2012\Projects\Practica1\Practica1\Debug\link.command.1.tlog
C:\Users\CG01\documents\visual studio 2012\Projects\Practica1\Practica1\Debug\link.read.1.tlog
C:\Users\CG01\documents\visual studio 2012\Projects\Practica1\Practica1\Debug\link.read.2.tlog
C:\Users\CG01\documents\visual studio 2012\Projects\Practica1\Practica1\Debug\link.write.1.tlog
C:\Users\CG01\documents\visual studio 2012\Projects\Practica1\Practica1\Debug\vc110.idb
C:\Users\CG01\documents\visual studio 2012\Projects\Practica1\Practica1\Debug\vc110.pdb
C:\Users\CG01\documents\visual studio 2012\Projects\Practica1\Debug\Practica1.pdb
C:\Users\CG01\documents\visual studio 2012\Projects\Practica1\Debug\Practica1.exe
C:\Users\CG01\documents\visual studio 2012\Projects\Practica1\Debug\Practica1.ilk
